0 verbose cli C:\Program Files\nodejs\node.exe C:\Users\silok\AppData\Roaming\npm\node_modules\npm\bin\npm-cli.js
1 info using npm@11.6.1
2 info using node@v22.16.0
3 silly config load:file:C:\Users\silok\AppData\Roaming\npm\node_modules\npm\npmrc
4 silly config load:file:C:\Users\silok\Downloads\barberrdv-tv\bshoprdv\.npmrc
5 silly config load:file:C:\Users\silok\.npmrc
6 silly config load:file:C:\Users\silok\AppData\Roaming\npm\etc\npmrc
7 verbose title npm install @opentelemetry/api
8 verbose argv "install" "@opentelemetry/api" "--no-audit" "--no-fund"
9 verbose logfile logs-max:10 dir:C:\Users\silok\Downloads\barberrdv-tv\bshoprdv\.npm-cache\_logs\2026-03-15T10_14_05_044Z-
10 verbose logfile C:\Users\silok\Downloads\barberrdv-tv\bshoprdv\.npm-cache\_logs\2026-03-15T10_14_05_044Z-debug-0.log
11 silly logfile done cleaning log files
12 silly packumentCache heap:4345298944 maxSize:1086324736 maxEntrySize:543162368
13 silly idealTree buildDeps
14 silly fetch manifest @opentelemetry/api@*
15 silly packumentCache full:https://registry.npmjs.org/@opentelemetry%2fapi cache-miss
16 http fetch GET https://registry.npmjs.org/npm attempt 1 failed with EACCES
17 http fetch GET https://registry.npmjs.org/@opentelemetry%2fapi attempt 1 failed with EACCES
18 http fetch GET https://registry.npmjs.org/npm attempt 2 failed with EACCES
19 http fetch GET https://registry.npmjs.org/@opentelemetry%2fapi attempt 2 failed with EACCES
20 http fetch GET https://registry.npmjs.org/npm attempt 3 failed with EACCES
21 http fetch GET https://registry.npmjs.org/@opentelemetry%2fapi attempt 3 failed with EACCES
22 silly placeDep ROOT @opentelemetry/api@ OK for: bshoprdv@0.1.0 want: *
23 silly fetch manifest @opentelemetry/api@^1.3.0
24 silly packumentCache full:https://registry.npmjs.org/@opentelemetry%2fapi cache-miss
25 http fetch GET https://registry.npmjs.org/@opentelemetry%2fapi attempt 1 failed with EACCES
26 http fetch GET https://registry.npmjs.org/@opentelemetry%2fapi attempt 2 failed with EACCES
27 http fetch GET https://registry.npmjs.org/@opentelemetry%2fapi attempt 3 failed with EACCES
28 silly placeDep node_modules/@google-cloud/firestore @opentelemetry/api@ REPLACE for: @google-cloud/firestore@7.11.6 want: ^1.3.0
29 verbose type system
30 verbose stack FetchError: request to https://registry.npmjs.org/@opentelemetry%2fapi failed, reason: 
30 verbose stack     at ClientRequest.<anonymous> (C:\Users\silok\AppData\Roaming\npm\node_modules\npm\node_modules\minipass-fetch\lib\index.js:130:14)
30 verbose stack     at ClientRequest.emit (node:events:518:28)
30 verbose stack     at emitErrorEvent (node:_http_client:104:11)
30 verbose stack     at _destroy (node:_http_client:898:9)
30 verbose stack     at onSocketNT (node:_http_client:918:5)
30 verbose stack     at process.processTicksAndRejections (node:internal/process/task_queues:91:21)
31 error code EACCES
32 error errno EACCES
33 error FetchError: request to https://registry.npmjs.org/@opentelemetry%2fapi failed, reason: 
33 error     at ClientRequest.<anonymous> (C:\Users\silok\AppData\Roaming\npm\node_modules\npm\node_modules\minipass-fetch\lib\index.js:130:14)
33 error     at ClientRequest.emit (node:events:518:28)
33 error     at emitErrorEvent (node:_http_client:104:11)
33 error     at _destroy (node:_http_client:898:9)
33 error     at onSocketNT (node:_http_client:918:5)
33 error     at process.processTicksAndRejections (node:internal/process/task_queues:91:21) {
33 error   code: 'EACCES',
33 error   errno: 'EACCES',
33 error   type: 'system',
33 error   requiredBy: '.'
33 error }
34 error
34 error The operation was rejected by your operating system.
34 error It's possible that the file was already in use (by a text editor or antivirus),
34 error or that you lack permissions to access it.
34 error
34 error If you believe this might be a permissions issue, please double-check the
34 error permissions of the file and its containing directories, or try running
34 error the command again as root/Administrator.
35 silly unfinished npm timer reify 1773569645550
36 silly unfinished npm timer reify:loadTrees 1773569645551
37 verbose cwd C:\Users\silok\Downloads\barberrdv-tv\bshoprdv
38 verbose os Windows_NT 10.0.26200
39 verbose node v22.16.0
40 verbose npm  v11.6.1
41 verbose exit 1
42 verbose code 1
43 error A complete log of this run can be found in: C:\Users\silok\Downloads\barberrdv-tv\bshoprdv\.npm-cache\_logs\2026-03-15T10_14_05_044Z-debug-0.log
